Using pre-set license

 COMMAND LINE ARGUMENTS:
/Users/azrulafiq/Documents/unity/2020.2.1f1/Unity.app/Contents/MacOS/Unity
-adb2
-batchMode
-noUpm
-name
AssetImportWorker0
-projectPath
/Users/azrulafiq/Documents/GitHub/SurvivalPlatform
-logFile
Logs/AssetImportWorker0.log
-srvPort
49598
Successfully changed project path to: /Users/azrulafiq/Documents/GitHub/SurvivalPlatform
/Users/azrulafiq/Documents/GitHub/SurvivalPlatform
Using Asset Import Pipeline V2.
Refreshing native plugins compatible for Editor in 28.09 ms, found 1 plugins.
Preloading 0 native plugins for Editor in 0.00 ms.
Initialize engine version: 2020.2.1f1 (270dd8c3da1c)
[Subsystems] Discovering subsystems at path /Users/azrulafiq/Documents/unity/2020.2.1f1/Unity.app/Contents/Resources/UnitySubsystems
[Subsystems] Discovering subsystems at path /Users/azrulafiq/Documents/GitHub/SurvivalPlatform/Assets
GfxDevice: creating device client; threaded=0
2021-07-09 03:57:09.182 Unity[1350:16838] Color LCD preferred device: Intel(R) Iris(TM) Graphics 6100 (low power)
2021-07-09 03:57:09.182 Unity[1350:16838] Metal devices available: 1
2021-07-09 03:57:09.182 Unity[1350:16838] 0: Intel(R) Iris(TM) Graphics 6100 (low power)
2021-07-09 03:57:09.183 Unity[1350:16838] Using device Intel(R) Iris(TM) Graphics 6100 (low power)
Initializing Metal device caps: Intel(R) Iris(TM) Graphics 6100
Initialize mono
Mono path[0] = '/Users/azrulafiq/Documents/unity/2020.2.1f1/Unity.app/Contents/Managed'
Mono path[1] = '/Users/azrulafiq/Documents/unity/2020.2.1f1/Unity.app/Contents/MonoBleedingEdge/lib/mono/unityjit'
Mono config path = '/Users/azrulafiq/Documents/unity/2020.2.1f1/Unity.app/Contents/MonoBleedingEdge/etc'
Using monoOptions --debugger-agent=transport=dt_socket,embedding=1,server=y,suspend=n,address=127.0.0.1:56350
Begin MonoManager ReloadAssembly
Registering precompiled unity dll's ...
Register platform support module: /Users/azrulafiq/Documents/unity/2020.2.1f1/Unity.app/Contents/PlaybackEngines/MacStandaloneSupport/UnityEditor.OSXStandalone.Extensions.dll
Registered in 0.000599 seconds.
Native extension for OSXStandalone target not found
Refreshing native plugins compatible for Editor in 53.84 ms, found 1 plugins.
Preloading 0 native plugins for Editor in 0.00 ms.
Invoked RoslynAnalysisRunner static constructor.
RoslynAnalysisRunner will not be running.
RoslynAnalysisRunner has terminated.
Mono: successfully reloaded assembly
- Completed reload, in  2.429 seconds
Platform modules already initialized, skipping
Registering precompiled user dll's ...
Registered in 0.000741 seconds.
Begin MonoManager ReloadAssembly
Native extension for OSXStandalone target not found
Refreshing native plugins compatible for Editor in 0.38 ms, found 1 plugins.
Preloading 0 native plugins for Editor in 0.00 ms.
Invoked RoslynAnalysisRunner static constructor.
RoslynAnalysisRunner will not be running.
RoslynAnalysisRunner has terminated.
Mono: successfully reloaded assembly
- Completed reload, in  1.204 seconds
Platform modules already initialized, skipping
========================================================================
Worker process is ready to serve import requests
Launching external process: /Users/azrulafiq/Documents/unity/2020.2.1f1/Unity.app/Contents/Tools/UnityShaderCompiler
Launched and connected shader compiler UnityShaderCompiler after 0.02 seconds
Refreshing native plugins compatible for Editor in 0.23 ms, found 1 plugins.
Preloading 0 native plugins for Editor in 0.00 ms.
Unloading 1094 Unused Serialized files (Serialized files now loaded: 0)
System memory in use before: 105.4 MB.
System memory in use after: 105.5 MB.

Unloading 10 unused Assets to reduce memory usage. Loaded Objects now: 1533.
Total: 4.757740 ms (FindLiveObjects: 0.425422 ms CreateObjectMapping: 0.127453 ms MarkObjects: 4.115363 ms  DeleteObjects: 0.086949 ms)

========================================================================
Received Import Request.
  path: Assets/Scenes
  artifactKey: Guid(39dff148e39b1455ba1e9aabacc55cd3) Importer(815301076,1909f56bfc062723c751e8b465ee728b)
Start importing Assets/Scenes using Guid(39dff148e39b1455ba1e9aabacc55cd3) Importer(815301076,1909f56bfc062723c751e8b465ee728b)  -> (artifact id: 'bea88aa0266a6aa8c836781b8b531bd6') in 0.005187 seconds
  Import took 0.008277 seconds .

========================================================================
Received Import Request.
  Time since last request: 0.000299 seconds.
  path: Assets/Scenes/SampleScene.unity
  artifactKey: Guid(9fc0d4010bbf28b4594072e72b8655ab) Importer(815301076,1909f56bfc062723c751e8b465ee728b)
Start importing Assets/Scenes/SampleScene.unity using Guid(9fc0d4010bbf28b4594072e72b8655ab) Importer(815301076,1909f56bfc062723c751e8b465ee728b)  -> (artifact id: '016640421bf54ce873cbc7b610fdb87c') in 0.010898 seconds
  Import took 0.013067 seconds .

========================================================================
Received Import Request.
  Time since last request: 274.228734 seconds.
  path: Assets/Materials
  artifactKey: Guid(b30e0437dfc8847d6936d55b6db5c8e5) Importer(815301076,1909f56bfc062723c751e8b465ee728b)
Start importing Assets/Materials using Guid(b30e0437dfc8847d6936d55b6db5c8e5) Importer(815301076,1909f56bfc062723c751e8b465ee728b)  -> (artifact id: 'a6c29f16f5da70d221f9a759590be577') in 0.003975 seconds
  Import took 0.012721 seconds .

========================================================================
Received Import Request.
  Time since last request: 9.277843 seconds.
  path: Assets/Materials/Platform.mat
  artifactKey: Guid(f1524cdeb4c8f4c6ebb266bb934ef03a) Importer(815301076,1909f56bfc062723c751e8b465ee728b)
Start importing Assets/Materials/Platform.mat using Guid(f1524cdeb4c8f4c6ebb266bb934ef03a) Importer(815301076,1909f56bfc062723c751e8b465ee728b)  -> (artifact id: 'f41a0ba2fa174c5e95d0cc5a47652c7a') in 1.615490 seconds
  Import took 1.620878 seconds .

========================================================================
Received Import Request.
  Time since last request: 11.212489 seconds.
  path: Assets/Materials/Player.mat
  artifactKey: Guid(2534bf0cc2cd5462bb7533b5c5f15aac) Importer(815301076,1909f56bfc062723c751e8b465ee728b)
Start importing Assets/Materials/Player.mat using Guid(2534bf0cc2cd5462bb7533b5c5f15aac) Importer(815301076,1909f56bfc062723c751e8b465ee728b)  -> (artifact id: 'bf21209b8be8a707097d77435af922d7') in 0.060780 seconds
  Import took 0.072329 seconds .

========================================================================
Received Import Request.
  Time since last request: 75.874095 seconds.
  path: Assets/Materials/Platform.mat
  artifactKey: Guid(f1524cdeb4c8f4c6ebb266bb934ef03a) Importer(815301076,1909f56bfc062723c751e8b465ee728b)
Start importing Assets/Materials/Platform.mat using Guid(f1524cdeb4c8f4c6ebb266bb934ef03a) Importer(815301076,1909f56bfc062723c751e8b465ee728b)  -> (artifact id: '7ca7c670f3c664ac15cc5b951e3ff57d') in 0.055482 seconds
  Import took 0.060454 seconds .

========================================================================
Received Import Request.
  Time since last request: 0.000305 seconds.
  path: Assets/Materials/Player.mat
  artifactKey: Guid(2534bf0cc2cd5462bb7533b5c5f15aac) Importer(815301076,1909f56bfc062723c751e8b465ee728b)
Start importing Assets/Materials/Player.mat using Guid(2534bf0cc2cd5462bb7533b5c5f15aac) Importer(815301076,1909f56bfc062723c751e8b465ee728b)  -> (artifact id: '1c9e02b90d7afaa1cdb16d5be05aa147') in 0.065116 seconds
  Import took 0.072366 seconds .

========================================================================
Received Import Request.
  Time since last request: 0.003561 seconds.
  path: Assets/Materials/Player.mat
  artifactKey: Guid(2534bf0cc2cd5462bb7533b5c5f15aac) Importer(815301076,1909f56bfc062723c751e8b465ee728b)
Start importing Assets/Materials/Player.mat using Guid(2534bf0cc2cd5462bb7533b5c5f15aac) Importer(815301076,1909f56bfc062723c751e8b465ee728b)  -> (artifact id: '1c9e02b90d7afaa1cdb16d5be05aa147') in 0.015703 seconds
  Import took 0.024206 seconds .

========================================================================
Received Prepare
Registering precompiled user dll's ...
Registered in 0.001848 seconds.
Begin MonoManager ReloadAssembly
Native extension for OSXStandalone target not found
Refreshing native plugins compatible for Editor in 0.22 ms, found 1 plugins.
Preloading 0 native plugins for Editor in 0.00 ms.
Invoked RoslynAnalysisRunner static constructor.
RoslynAnalysisRunner will not be running.
RoslynAnalysisRunner has terminated.
Mono: successfully reloaded assembly
- Completed reload, in  1.339 seconds
Platform modules already initialized, skipping
Refreshing native plugins compatible for Editor in 0.22 ms, found 1 plugins.
Preloading 0 native plugins for Editor in 0.00 ms.
Unloading 1089 Unused Serialized files (Serialized files now loaded: 0)
System memory in use before: 114.5 MB.
System memory in use after: 114.5 MB.

Unloading 5 unused Assets to reduce memory usage. Loaded Objects now: 1577.
Total: 2.361240 ms (FindLiveObjects: 0.240703 ms CreateObjectMapping: 0.038306 ms MarkObjects: 2.029759 ms  DeleteObjects: 0.050550 ms)

========================================================================
Received Prepare
Registering precompiled user dll's ...
Registered in 0.000956 seconds.
Begin MonoManager ReloadAssembly
Native extension for OSXStandalone target not found
Refreshing native plugins compatible for Editor in 0.23 ms, found 1 plugins.
Preloading 0 native plugins for Editor in 0.00 ms.
Invoked RoslynAnalysisRunner static constructor.
RoslynAnalysisRunner will not be running.
RoslynAnalysisRunner has terminated.
Mono: successfully reloaded assembly
- Completed reload, in  1.293 seconds
Platform modules already initialized, skipping
Refreshing native plugins compatible for Editor in 0.23 ms, found 1 plugins.
Preloading 0 native plugins for Editor in 0.00 ms.
Unloading 1090 Unused Serialized files (Serialized files now loaded: 0)
System memory in use before: 114.9 MB.
System memory in use after: 114.9 MB.

Unloading 5 unused Assets to reduce memory usage. Loaded Objects now: 1580.
Total: 2.545368 ms (FindLiveObjects: 0.245650 ms CreateObjectMapping: 0.062918 ms MarkObjects: 2.180407 ms  DeleteObjects: 0.051500 ms)

========================================================================
Received Import Request.
  Time since last request: 291.186906 seconds.
  path: Assets/PlayerController.cs
  artifactKey: Guid(480bb899ba022402eb08321be64942f2) Importer(815301076,1909f56bfc062723c751e8b465ee728b)
Start importing Assets/PlayerController.cs using Guid(480bb899ba022402eb08321be64942f2) Importer(815301076,1909f56bfc062723c751e8b465ee728b)  -> (artifact id: '0b3611c40e61617dec2450ac8c0ff90a') in 0.500018 seconds
  Import took 0.502322 seconds .

========================================================================
Received Prepare
Registering precompiled user dll's ...
Registered in 0.000489 seconds.
Begin MonoManager ReloadAssembly
Native extension for OSXStandalone target not found
Refreshing native plugins compatible for Editor in 0.22 ms, found 1 plugins.
Preloading 0 native plugins for Editor in 0.00 ms.
Invoked RoslynAnalysisRunner static constructor.
RoslynAnalysisRunner will not be running.
RoslynAnalysisRunner has terminated.
Mono: successfully reloaded assembly
- Completed reload, in  2.072 seconds
Platform modules already initialized, skipping
Refreshing native plugins compatible for Editor in 0.25 ms, found 1 plugins.
Preloading 0 native plugins for Editor in 0.00 ms.
Unloading 1090 Unused Serialized files (Serialized files now loaded: 0)
System memory in use before: 119.5 MB.
System memory in use after: 119.5 MB.

Unloading 5 unused Assets to reduce memory usage. Loaded Objects now: 1582.
Total: 2.917253 ms (FindLiveObjects: 0.178038 ms CreateObjectMapping: 0.067155 ms MarkObjects: 2.614010 ms  DeleteObjects: 0.056196 ms)

========================================================================
Received Import Request.
  Time since last request: 423.023433 seconds.
  path: Assets/PlayerController.cs
  artifactKey: Guid(480bb899ba022402eb08321be64942f2) Importer(815301076,1909f56bfc062723c751e8b465ee728b)
Start importing Assets/PlayerController.cs using Guid(480bb899ba022402eb08321be64942f2) Importer(815301076,1909f56bfc062723c751e8b465ee728b)  -> (artifact id: '9db5966a91c8e799f09e3a927e677f7a') in 0.014732 seconds
  Import took 0.018983 seconds .

========================================================================
Received Prepare
Registering precompiled user dll's ...
Registered in 0.001416 seconds.
Begin MonoManager ReloadAssembly
Native extension for OSXStandalone target not found
Refreshing native plugins compatible for Editor in 0.22 ms, found 1 plugins.
Preloading 0 native plugins for Editor in 0.00 ms.
Invoked RoslynAnalysisRunner static constructor.
RoslynAnalysisRunner will not be running.
RoslynAnalysisRunner has terminated.
Mono: successfully reloaded assembly
- Completed reload, in  1.441 seconds
Platform modules already initialized, skipping
Refreshing native plugins compatible for Editor in 0.26 ms, found 1 plugins.
Preloading 0 native plugins for Editor in 0.00 ms.
Unloading 1090 Unused Serialized files (Serialized files now loaded: 0)
System memory in use before: 119.8 MB.
System memory in use after: 119.9 MB.

Unloading 5 unused Assets to reduce memory usage. Loaded Objects now: 1584.
Total: 1.943217 ms (FindLiveObjects: 0.205861 ms CreateObjectMapping: 0.042390 ms MarkObjects: 1.636782 ms  DeleteObjects: 0.055275 ms)

========================================================================
Received Prepare
Registering precompiled user dll's ...
Registered in 0.000484 seconds.
Begin MonoManager ReloadAssembly
Native extension for OSXStandalone target not found
Refreshing native plugins compatible for Editor in 0.27 ms, found 1 plugins.
Preloading 0 native plugins for Editor in 0.00 ms.
Invoked RoslynAnalysisRunner static constructor.
RoslynAnalysisRunner will not be running.
RoslynAnalysisRunner has terminated.
Mono: successfully reloaded assembly
- Completed reload, in  1.359 seconds
Platform modules already initialized, skipping
Refreshing native plugins compatible for Editor in 0.26 ms, found 1 plugins.
Preloading 0 native plugins for Editor in 0.00 ms.
Unloading 1090 Unused Serialized files (Serialized files now loaded: 0)
System memory in use before: 120.1 MB.
System memory in use after: 120.2 MB.

Unloading 5 unused Assets to reduce memory usage. Loaded Objects now: 1586.
Total: 6.160783 ms (FindLiveObjects: 1.404195 ms CreateObjectMapping: 0.238765 ms MarkObjects: 4.435030 ms  DeleteObjects: 0.079214 ms)

========================================================================
Received Prepare
Registering precompiled user dll's ...
Registered in 0.000824 seconds.
Begin MonoManager ReloadAssembly
Native extension for OSXStandalone target not found
Refreshing native plugins compatible for Editor in 0.22 ms, found 1 plugins.
Preloading 0 native plugins for Editor in 0.00 ms.
Invoked RoslynAnalysisRunner static constructor.
RoslynAnalysisRunner will not be running.
RoslynAnalysisRunner has terminated.
Mono: successfully reloaded assembly
- Completed reload, in  1.306 seconds
Platform modules already initialized, skipping
Refreshing native plugins compatible for Editor in 0.23 ms, found 1 plugins.
Preloading 0 native plugins for Editor in 0.00 ms.
Unloading 1090 Unused Serialized files (Serialized files now loaded: 0)
System memory in use before: 120.4 MB.
System memory in use after: 120.4 MB.

Unloading 5 unused Assets to reduce memory usage. Loaded Objects now: 1588.
Total: 2.165997 ms (FindLiveObjects: 0.228062 ms CreateObjectMapping: 0.039325 ms MarkObjects: 1.842591 ms  DeleteObjects: 0.054104 ms)

========================================================================
Received Prepare
Registering precompiled user dll's ...
Registered in 0.000512 seconds.
Begin MonoManager ReloadAssembly
Native extension for OSXStandalone target not found
Refreshing native plugins compatible for Editor in 0.22 ms, found 1 plugins.
Preloading 0 native plugins for Editor in 0.00 ms.
Invoked RoslynAnalysisRunner static constructor.
RoslynAnalysisRunner will not be running.
RoslynAnalysisRunner has terminated.
Mono: successfully reloaded assembly
- Completed reload, in  1.393 seconds
Platform modules already initialized, skipping
Refreshing native plugins compatible for Editor in 0.23 ms, found 1 plugins.
Preloading 0 native plugins for Editor in 0.00 ms.
Unloading 1090 Unused Serialized files (Serialized files now loaded: 0)
System memory in use before: 120.8 MB.
System memory in use after: 120.8 MB.

Unloading 5 unused Assets to reduce memory usage. Loaded Objects now: 1590.
Total: 2.328455 ms (FindLiveObjects: 0.261820 ms CreateObjectMapping: 0.082201 ms MarkObjects: 1.922422 ms  DeleteObjects: 0.059945 ms)

========================================================================
Received Prepare
Registering precompiled user dll's ...
Registered in 0.000538 seconds.
Begin MonoManager ReloadAssembly
Native extension for OSXStandalone target not found
Refreshing native plugins compatible for Editor in 0.24 ms, found 1 plugins.
Preloading 0 native plugins for Editor in 0.00 ms.
Invoked RoslynAnalysisRunner static constructor.
RoslynAnalysisRunner will not be running.
RoslynAnalysisRunner has terminated.
Mono: successfully reloaded assembly
- Completed reload, in  1.508 seconds
Platform modules already initialized, skipping
Refreshing native plugins compatible for Editor in 0.24 ms, found 1 plugins.
Preloading 0 native plugins for Editor in 0.00 ms.
Unloading 1090 Unused Serialized files (Serialized files now loaded: 0)
System memory in use before: 121.1 MB.
System memory in use after: 121.2 MB.

Unloading 5 unused Assets to reduce memory usage. Loaded Objects now: 1592.
Total: 2.351735 ms (FindLiveObjects: 0.225322 ms CreateObjectMapping: 0.043651 ms MarkObjects: 2.025534 ms  DeleteObjects: 0.054141 ms)

========================================================================
Received Prepare
Registering precompiled user dll's ...
Registered in 0.000705 seconds.
Begin MonoManager ReloadAssembly
Native extension for OSXStandalone target not found
Refreshing native plugins compatible for Editor in 0.22 ms, found 1 plugins.
Preloading 0 native plugins for Editor in 0.00 ms.
Invoked RoslynAnalysisRunner static constructor.
RoslynAnalysisRunner will not be running.
RoslynAnalysisRunner has terminated.
Mono: successfully reloaded assembly
- Completed reload, in  1.329 seconds
Platform modules already initialized, skipping
Refreshing native plugins compatible for Editor in 0.26 ms, found 1 plugins.
Preloading 0 native plugins for Editor in 0.00 ms.
Unloading 1090 Unused Serialized files (Serialized files now loaded: 0)
System memory in use before: 121.4 MB.
System memory in use after: 121.5 MB.

Unloading 5 unused Assets to reduce memory usage. Loaded Objects now: 1594.
Total: 1.936176 ms (FindLiveObjects: 0.194280 ms CreateObjectMapping: 0.063954 ms MarkObjects: 1.619384 ms  DeleteObjects: 0.056578 ms)

========================================================================
Received Prepare
Registering precompiled user dll's ...
Registered in 0.000465 seconds.
Begin MonoManager ReloadAssembly
Native extension for OSXStandalone target not found
Refreshing native plugins compatible for Editor in 0.49 ms, found 1 plugins.
Preloading 0 native plugins for Editor in 0.00 ms.
Invoked RoslynAnalysisRunner static constructor.
RoslynAnalysisRunner will not be running.
RoslynAnalysisRunner has terminated.
Mono: successfully reloaded assembly
- Completed reload, in  2.656 seconds
Platform modules already initialized, skipping
Refreshing native plugins compatible for Editor in 0.47 ms, found 1 plugins.
Preloading 0 native plugins for Editor in 0.00 ms.
Unloading 1090 Unused Serialized files (Serialized files now loaded: 0)
System memory in use before: 121.8 MB.
System memory in use after: 121.8 MB.

Unloading 5 unused Assets to reduce memory usage. Loaded Objects now: 1596.
Total: 3.893749 ms (FindLiveObjects: 0.189896 ms CreateObjectMapping: 0.044157 ms MarkObjects: 3.534203 ms  DeleteObjects: 0.122725 ms)

========================================================================
Received Prepare
Registering precompiled user dll's ...
Registered in 0.000544 seconds.
Begin MonoManager ReloadAssembly
Native extension for OSXStandalone target not found
Refreshing native plugins compatible for Editor in 0.22 ms, found 1 plugins.
Preloading 0 native plugins for Editor in 0.00 ms.
Invoked RoslynAnalysisRunner static constructor.
RoslynAnalysisRunner will not be running.
RoslynAnalysisRunner has terminated.
Mono: successfully reloaded assembly
- Completed reload, in  1.127 seconds
Platform modules already initialized, skipping
Refreshing native plugins compatible for Editor in 1.07 ms, found 1 plugins.
Preloading 0 native plugins for Editor in 0.00 ms.
Unloading 1090 Unused Serialized files (Serialized files now loaded: 0)
System memory in use before: 122.1 MB.
System memory in use after: 122.1 MB.

Unloading 5 unused Assets to reduce memory usage. Loaded Objects now: 1598.
Total: 2.157708 ms (FindLiveObjects: 0.246505 ms CreateObjectMapping: 0.070062 ms MarkObjects: 1.780427 ms  DeleteObjects: 0.058902 ms)

========================================================================
Received Prepare
Registering precompiled user dll's ...
Registered in 0.001156 seconds.
Begin MonoManager ReloadAssembly
Native extension for OSXStandalone target not found
Refreshing native plugins compatible for Editor in 0.23 ms, found 1 plugins.
Preloading 0 native plugins for Editor in 0.00 ms.
Invoked RoslynAnalysisRunner static constructor.
RoslynAnalysisRunner will not be running.
RoslynAnalysisRunner has terminated.
Mono: successfully reloaded assembly
- Completed reload, in  1.691 seconds
Platform modules already initialized, skipping
Refreshing native plugins compatible for Editor in 0.24 ms, found 1 plugins.
Preloading 0 native plugins for Editor in 0.00 ms.
Unloading 1090 Unused Serialized files (Serialized files now loaded: 0)
System memory in use before: 122.4 MB.
System memory in use after: 122.4 MB.

Unloading 5 unused Assets to reduce memory usage. Loaded Objects now: 1600.
Total: 2.785355 ms (FindLiveObjects: 0.235313 ms CreateObjectMapping: 0.054158 ms MarkObjects: 2.397957 ms  DeleteObjects: 0.095859 ms)

========================================================================
Received Prepare
Registering precompiled user dll's ...
Registered in 0.001626 seconds.
Begin MonoManager ReloadAssembly
Native extension for OSXStandalone target not found
Refreshing native plugins compatible for Editor in 0.24 ms, found 1 plugins.
Preloading 0 native plugins for Editor in 0.00 ms.
Invoked RoslynAnalysisRunner static constructor.
RoslynAnalysisRunner will not be running.
RoslynAnalysisRunner has terminated.
Mono: successfully reloaded assembly
- Completed reload, in  1.516 seconds
Platform modules already initialized, skipping
Refreshing native plugins compatible for Editor in 0.23 ms, found 1 plugins.
Preloading 0 native plugins for Editor in 0.00 ms.
Unloading 1090 Unused Serialized files (Serialized files now loaded: 0)
System memory in use before: 121.8 MB.
System memory in use after: 121.8 MB.

Unloading 5 unused Assets to reduce memory usage. Loaded Objects now: 1602.
Total: 3.725976 ms (FindLiveObjects: 0.567698 ms CreateObjectMapping: 0.146854 ms MarkObjects: 2.942084 ms  DeleteObjects: 0.066847 ms)

========================================================================
Received Prepare
Registering precompiled user dll's ...
Registered in 0.001127 seconds.
Begin MonoManager ReloadAssembly
Native extension for OSXStandalone target not found
Refreshing native plugins compatible for Editor in 0.27 ms, found 1 plugins.
Preloading 0 native plugins for Editor in 0.00 ms.
Invoked RoslynAnalysisRunner static constructor.
RoslynAnalysisRunner will not be running.
RoslynAnalysisRunner has terminated.
Mono: successfully reloaded assembly
- Completed reload, in  1.828 seconds
Platform modules already initialized, skipping
Refreshing native plugins compatible for Editor in 0.22 ms, found 1 plugins.
Preloading 0 native plugins for Editor in 0.00 ms.
Unloading 1090 Unused Serialized files (Serialized files now loaded: 0)
System memory in use before: 122.1 MB.
System memory in use after: 122.1 MB.

Unloading 5 unused Assets to reduce memory usage. Loaded Objects now: 1604.
Total: 1.990435 ms (FindLiveObjects: 0.225123 ms CreateObjectMapping: 0.037723 ms MarkObjects: 1.675667 ms  DeleteObjects: 0.049612 ms)

